<?xml version="1.0" encoding="UTF-8"?>
<!-- Generated by org.testng.reporters.JUnitReportReporter -->
<testsuite skipped="0" hostname="Pollet" name="DGmbH.DGmbHTask.scenarios" tests="6" failures="0" timestamp="2019-09-25T14:49:29 EET" time="9.667" errors="0">
  <testcase name="homepageIsOpened" time="0.431" classname="DGmbH.DGmbHTask.scenarios"/>
  <testcase name="validationsExistsDoFunctionwithoutNumbers" time="0.921" classname="DGmbH.DGmbHTask.scenarios"/>
  <testcase name="additionOfTwoNumbers_shouldLeadTo_ResultNumber" time="2.189" classname="DGmbH.DGmbHTask.scenarios"/>
  <testcase name="reset_shouldLeadTo_ResetAllFields" time="1.060" classname="DGmbH.DGmbHTask.scenarios"/>
  <testcase name="divisionOfTwoNumbers_shouldLeadTo_ResultNumber" time="2.046" classname="DGmbH.DGmbHTask.scenarios"/>
  <testcase name="addtionAndMultipleOfTwoNumbers_shouldLeadTo_ResultNumber" time="3.020" classname="DGmbH.DGmbHTask.scenarios"/>
</testsuite> <!-- DGmbH.DGmbHTask.scenarios -->
